生成启动时间为 2014/5/25 15:43:04。
     1>项目“C:\Users\pc\Desktop\zlib-1.2.8\contrib\vstudio\vc10\zlibstat.vcxproj”在节点 4 上(rebuild 个目标)。
     1>_PrepareForClean:
         正在删除文件“x86\ZlibStatDebug\Tmp\zlibstat.lastbuildstate”。
       InitializeBuildStatus:
         正在创建“x86\ZlibStatDebug\Tmp\zlibstat.unsuccessfulbuild”，因为已指定“AlwaysCreate”。
       PreBuildEvent:
         cd ..\..\masmx86
         bld_ml32.bat
         :VCEnd
          Assembling: match686.asm
         Microsoft (R) Macro Assembler Version 10.00.30319.01
         Copyright (C) Microsoft Corporation.  All rights reserved.
         
          Assembling: inffas32.asm
         Microsoft (R) Macro Assembler Version 10.00.30319.01
         Copyright (C) Microsoft Corporation.  All rights reserved.
         
       ClCompile:
         C:\Program Files\HP_Fortify\HP_Fortify_SCA_and_Apps_4.02\Core\private-bin\IDE\cl.exe /c /I..\..\.. /I..\..\masmx86 /Z7 /nologo /W3 /WX- /Od /Oy- /D WIN32 /D ZLIB_WINAPI /D _CRT_NONSTDC_NO_DEPRECATE /D _CRT_SECURE_NO_DEPRECATE /D _CRT_NONSTDC_NO_WARNINGS /Gm- /MTd /GS- /fp:precise /Zc:wchar_t /Zc:forScope /Fo"x86\ZlibStatDebug\Tmp\\" /Fd"x86\ZlibStatDebug\vc100.pdb" /Gd /TC /analyze- /errorReport:prompt ..\..\..\adler32.c ..\..\..\compress.c ..\..\..\crc32.c ..\..\..\deflate.c ..\..\..\gzclose.c ..\..\..\gzlib.c ..\..\..\gzread.c ..\..\..\gzwrite.c ..\..\..\infback.c ..\..\..\inffast.c ..\..\..\inflate.c ..\..\..\inftrees.c ..\..\minizip\ioapi.c ..\..\..\trees.c ..\..\..\uncompr.c ..\..\minizip\unzip.c ..\..\minizip\zip.c ..\..\..\zutil.c
       ResourceCompile:
         C:\Program Files (x86)\Microsoft SDKs\Windows\v7.0A\bin\rc.exe /l"0x040c" /nologo /fo"x86\ZlibStatDebug\Tmp\zlib.res" zlib.rc 
       Lib:
         C:\Program Files (x86)\Microsoft Visual Studio 10.0\VC\bin\Lib.exe /OUT:"x86\ZlibStatDebug\zlibstat.lib" /NOLOGO x86\ZlibStatDebug\Tmp\zlib.res
         x86\ZlibStatDebug\Tmp\adler32.obj
         x86\ZlibStatDebug\Tmp\compress.obj
         x86\ZlibStatDebug\Tmp\crc32.obj
         x86\ZlibStatDebug\Tmp\deflate.obj
         x86\ZlibStatDebug\Tmp\gzclose.obj
         x86\ZlibStatDebug\Tmp\gzlib.obj
         x86\ZlibStatDebug\Tmp\gzread.obj
         x86\ZlibStatDebug\Tmp\gzwrite.obj
         x86\ZlibStatDebug\Tmp\infback.obj
         x86\ZlibStatDebug\Tmp\inffast.obj
         x86\ZlibStatDebug\Tmp\inflate.obj
         x86\ZlibStatDebug\Tmp\inftrees.obj
         x86\ZlibStatDebug\Tmp\ioapi.obj
         x86\ZlibStatDebug\Tmp\trees.obj
         x86\ZlibStatDebug\Tmp\uncompr.obj
         x86\ZlibStatDebug\Tmp\unzip.obj
         x86\ZlibStatDebug\Tmp\zip.obj
         x86\ZlibStatDebug\Tmp\zutil.obj /MACHINE:X86 /NODEFAULTLIB 
         zlibstat.vcxproj -> C:\Users\pc\Desktop\zlib-1.2.8\contrib\vstudio\vc10\x86\ZlibStatDebug\zlibstat.lib
       FinalizeBuildStatus:
         正在删除文件“x86\ZlibStatDebug\Tmp\zlibstat.unsuccessfulbuild”。
         正在对“x86\ZlibStatDebug\Tmp\zlibstat.lastbuildstate”执行 Touch 任务。
     1>已完成生成项目“C:\Users\pc\Desktop\zlib-1.2.8\contrib\vstudio\vc10\zlibstat.vcxproj”(rebuild 个目标)的操作。

生成成功。

已用时间 00:00:45.13
