C:\Users\pc\Desktop\zlib-1.2.8\contrib\vstudio\vc10\x86\ZlibStatDebug\Tmp\adler32.obj
C:\Users\pc\Desktop\zlib-1.2.8\contrib\vstudio\vc10\x86\ZlibStatDebug\Tmp\compress.obj
C:\Users\pc\Desktop\zlib-1.2.8\contrib\vstudio\vc10\x86\ZlibStatDebug\Tmp\crc32.obj
C:\Users\pc\Desktop\zlib-1.2.8\contrib\vstudio\vc10\x86\ZlibStatDebug\Tmp\deflate.obj
C:\Users\pc\Desktop\zlib-1.2.8\contrib\vstudio\vc10\x86\ZlibStatDebug\Tmp\gzclose.obj
C:\Users\pc\Desktop\zlib-1.2.8\contrib\vstudio\vc10\x86\ZlibStatDebug\Tmp\gzlib.obj
C:\Users\pc\Desktop\zlib-1.2.8\contrib\vstudio\vc10\x86\ZlibStatDebug\Tmp\gzread.obj
C:\Users\pc\Desktop\zlib-1.2.8\contrib\vstudio\vc10\x86\ZlibStatDebug\Tmp\gzwrite.obj
C:\Users\pc\Desktop\zlib-1.2.8\contrib\vstudio\vc10\x86\ZlibStatDebug\Tmp\infback.obj
C:\Users\pc\Desktop\zlib-1.2.8\contrib\vstudio\vc10\x86\ZlibStatDebug\Tmp\inffast.obj
C:\Users\pc\Desktop\zlib-1.2.8\contrib\vstudio\vc10\x86\ZlibStatDebug\Tmp\inflate.obj
C:\Users\pc\Desktop\zlib-1.2.8\contrib\vstudio\vc10\x86\ZlibStatDebug\Tmp\inftrees.obj
C:\Users\pc\Desktop\zlib-1.2.8\contrib\vstudio\vc10\x86\ZlibStatDebug\Tmp\ioapi.obj
C:\Users\pc\Desktop\zlib-1.2.8\contrib\vstudio\vc10\x86\ZlibStatDebug\Tmp\trees.obj
C:\Users\pc\Desktop\zlib-1.2.8\contrib\vstudio\vc10\x86\ZlibStatDebug\Tmp\uncompr.obj
C:\Users\pc\Desktop\zlib-1.2.8\contrib\vstudio\vc10\x86\ZlibStatDebug\Tmp\unzip.obj
C:\Users\pc\Desktop\zlib-1.2.8\contrib\vstudio\vc10\x86\ZlibStatDebug\Tmp\zip.obj
C:\Users\pc\Desktop\zlib-1.2.8\contrib\vstudio\vc10\x86\ZlibStatDebug\Tmp\zlib.res
C:\Users\pc\Desktop\zlib-1.2.8\contrib\vstudio\vc10\x86\ZlibStatDebug\Tmp\zutil.obj
C:\Users\pc\Desktop\zlib-1.2.8\contrib\vstudio\vc10\x86\ZlibStatDebug\zlibstat.lib
