C:\Users\pc\Desktop\zlib-1.2.8\contrib\vstudio\vc10\x86\ZlibDllDebug\Tmp\adler32.obj
C:\Users\pc\Desktop\zlib-1.2.8\contrib\vstudio\vc10\x86\ZlibDllDebug\Tmp\compress.obj
C:\Users\pc\Desktop\zlib-1.2.8\contrib\vstudio\vc10\x86\ZlibDllDebug\Tmp\crc32.obj
C:\Users\pc\Desktop\zlib-1.2.8\contrib\vstudio\vc10\x86\ZlibDllDebug\Tmp\deflate.obj
C:\Users\pc\Desktop\zlib-1.2.8\contrib\vstudio\vc10\x86\ZlibDllDebug\Tmp\gzclose.obj
C:\Users\pc\Desktop\zlib-1.2.8\contrib\vstudio\vc10\x86\ZlibDllDebug\Tmp\gzlib.obj
C:\Users\pc\Desktop\zlib-1.2.8\contrib\vstudio\vc10\x86\ZlibDllDebug\Tmp\gzread.obj
C:\Users\pc\Desktop\zlib-1.2.8\contrib\vstudio\vc10\x86\ZlibDllDebug\Tmp\gzwrite.obj
C:\Users\pc\Desktop\zlib-1.2.8\contrib\vstudio\vc10\x86\ZlibDllDebug\Tmp\infback.obj
C:\Users\pc\Desktop\zlib-1.2.8\contrib\vstudio\vc10\x86\ZlibDllDebug\Tmp\inffast.obj
C:\Users\pc\Desktop\zlib-1.2.8\contrib\vstudio\vc10\x86\ZlibDllDebug\Tmp\inflate.obj
C:\Users\pc\Desktop\zlib-1.2.8\contrib\vstudio\vc10\x86\ZlibDllDebug\Tmp\inftrees.obj
C:\Users\pc\Desktop\zlib-1.2.8\contrib\vstudio\vc10\x86\ZlibDllDebug\Tmp\ioapi.obj
C:\Users\pc\Desktop\zlib-1.2.8\contrib\vstudio\vc10\x86\ZlibDllDebug\Tmp\iowin32.obj
C:\Users\pc\Desktop\zlib-1.2.8\contrib\vstudio\vc10\x86\ZlibDllDebug\Tmp\trees.obj
C:\Users\pc\Desktop\zlib-1.2.8\contrib\vstudio\vc10\x86\ZlibDllDebug\Tmp\uncompr.obj
C:\Users\pc\Desktop\zlib-1.2.8\contrib\vstudio\vc10\x86\ZlibDllDebug\Tmp\unzip.obj
C:\Users\pc\Desktop\zlib-1.2.8\contrib\vstudio\vc10\x86\ZlibDllDebug\Tmp\zip.obj
C:\Users\pc\Desktop\zlib-1.2.8\contrib\vstudio\vc10\x86\ZlibDllDebug\Tmp\zlib.res
C:\Users\pc\Desktop\zlib-1.2.8\contrib\vstudio\vc10\x86\ZlibDllDebug\Tmp\zlibvc.write.1.tlog
C:\Users\pc\Desktop\zlib-1.2.8\contrib\vstudio\vc10\x86\ZlibDllDebug\Tmp\zutil.obj
C:\Users\pc\Desktop\zlib-1.2.8\contrib\vstudio\vc10\x86\ZlibDllDebug\zlibwapid.dll
C:\Users\pc\Desktop\zlib-1.2.8\contrib\vstudio\vc10\x86\ZlibDllDebug\zlibwapid.exp
C:\Users\pc\Desktop\zlib-1.2.8\contrib\vstudio\vc10\x86\ZlibDllDebug\zlibwapid.lib
x86\ZlibDllDebug\zlibwapid.ilk
x86\ZlibDllDebug\zlibwapid.pdb
