生成启动时间为 2014/5/25 14:17:59。
     1>项目“C:\Users\pc\Desktop\zlib-1.2.8\contrib\vstudio\vc10\zlibstat.vcxproj”在节点 4 上(build 个目标)。
     1>InitializeBuildStatus:
         正在创建“x86\ZlibStatRelease\Tmp\zlibstat.unsuccessfulbuild”，因为已指定“AlwaysCreate”。
       PreBuildEvent:
         cd ..\..\masmx86
         bld_ml32.bat
         :VCEnd
          Assembling: match686.asm
         Microsoft (R) Macro Assembler Version 10.00.30319.01
         Copyright (C) Microsoft Corporation.  All rights reserved.
         
          Assembling: inffas32.asm
         Microsoft (R) Macro Assembler Version 10.00.30319.01
         Copyright (C) Microsoft Corporation.  All rights reserved.
         
       ClCompile:
         C:\Program Files (x86)\Microsoft Visual Studio 10.0\VC\bin\CL.exe /c /I..\..\.. /I..\..\masmx86 /Zi /nologo /W3 /WX- /O2 /Ob1 /Oy- /D WIN32 /D ZLIB_WINAPI /D _CRT_NONSTDC_NO_DEPRECATE /D _CRT_SECURE_NO_DEPRECATE /D _CRT_NONSTDC_NO_WARNINGS /D ASMV /D ASMINF /GF /Gm- /MT /GS- /Gy /fp:precise /Zc:wchar_t /Zc:forScope /Fo"x86\ZlibStatRelease\Tmp\\" /Fd"x86\ZlibStatRelease\vc100.pdb" /Gd /TC /analyze- /errorReport:prompt ..\..\..\adler32.c ..\..\..\compress.c ..\..\..\crc32.c ..\..\..\deflate.c ..\..\..\gzclose.c ..\..\..\gzlib.c ..\..\..\gzread.c ..\..\..\gzwrite.c ..\..\..\infback.c ..\..\..\inffast.c ..\..\..\inflate.c ..\..\..\inftrees.c ..\..\minizip\ioapi.c ..\..\..\trees.c ..\..\..\uncompr.c ..\..\minizip\unzip.c ..\..\minizip\zip.c ..\..\..\zutil.c
         adler32.c
         compress.c
         crc32.c
         deflate.c
         gzclose.c
         gzlib.c
         gzread.c
         gzwrite.c
         infback.c
         inffast.c
         inflate.c
         inftrees.c
         ioapi.c
         trees.c
         uncompr.c
         unzip.c
         zip.c
         zutil.c
         正在生成代码...
       ResourceCompile:
         C:\Program Files (x86)\Microsoft SDKs\Windows\v7.0A\bin\rc.exe /l"0x040c" /nologo /fo"x86\ZlibStatRelease\Tmp\zlib.res" zlib.rc 
       Lib:
         C:\Program Files (x86)\Microsoft Visual Studio 10.0\VC\bin\Lib.exe /OUT:"x86\ZlibStatRelease\zlibstat.lib" ..\..\masmx86\match686.obj ..\..\masmx86\inffas32.obj /NOLOGO x86\ZlibStatRelease\Tmp\zlib.res
         x86\ZlibStatRelease\Tmp\adler32.obj
         x86\ZlibStatRelease\Tmp\compress.obj
         x86\ZlibStatRelease\Tmp\crc32.obj
         x86\ZlibStatRelease\Tmp\deflate.obj
         x86\ZlibStatRelease\Tmp\gzclose.obj
         x86\ZlibStatRelease\Tmp\gzlib.obj
         x86\ZlibStatRelease\Tmp\gzread.obj
         x86\ZlibStatRelease\Tmp\gzwrite.obj
         x86\ZlibStatRelease\Tmp\infback.obj
         x86\ZlibStatRelease\Tmp\inffast.obj
         x86\ZlibStatRelease\Tmp\inflate.obj
         x86\ZlibStatRelease\Tmp\inftrees.obj
         x86\ZlibStatRelease\Tmp\ioapi.obj
         x86\ZlibStatRelease\Tmp\trees.obj
         x86\ZlibStatRelease\Tmp\uncompr.obj
         x86\ZlibStatRelease\Tmp\unzip.obj
         x86\ZlibStatRelease\Tmp\zip.obj
         x86\ZlibStatRelease\Tmp\zutil.obj /MACHINE:X86 /NODEFAULTLIB 
         zlibstat.vcxproj -> C:\Users\pc\Desktop\zlib-1.2.8\contrib\vstudio\vc10\x86\ZlibStatRelease\zlibstat.lib
       FinalizeBuildStatus:
         正在删除文件“x86\ZlibStatRelease\Tmp\zlibstat.unsuccessfulbuild”。
         正在对“x86\ZlibStatRelease\Tmp\zlibstat.lastbuildstate”执行 Touch 任务。
     1>已完成生成项目“C:\Users\pc\Desktop\zlib-1.2.8\contrib\vstudio\vc10\zlibstat.vcxproj”(build 个目标)的操作。

生成成功。

已用时间 00:00:08.89
